<?xml version="1.0" encoding="UTF-8"?>
<testsuites>
    <testsuite name="force.apex" timestamp="2020-09-12T12:58:51-07:00" hostname="https://curious-bear-mff7sb-dev-ed.my.salesforce.com" tests="3" failures="2"  errors="0"  time="0.8">
        <properties>
            <property name="outcome" value="Failed"/>
            <property name="testsRan" value="3"/>
            <property name="passing" value="1"/>
            <property name="failing" value="2"/>
            <property name="skipped" value="0"/>
            <property name="passRate" value="33%"/>
            <property name="failRate" value="67%"/>
            <property name="testStartTime" value="Sep 12, 2020 12:58 PM"/>
            <property name="testExecutionTime" value="0.8 s"/>
            <property name="testTotalTime" value="0.8 s"/>
            <property name="commandTime" value="4.54 s"/>
            <property name="hostname" value="https://curious-bear-mff7sb-dev-ed.my.salesforce.com"/>
            <property name="orgId" value="00D5w000003I6u6EAC"/>
            <property name="username" value="mikeyma1960@curious-bear-mff7sb.com"/>
            <property name="testRunId" value="7075w0000BYIfMH"/>
            <property name="userId" value="0055w00000BjSjTAAV"/>
            <property name="testRunCoverage" value="62%"/>
            <property name="orgWideCoverage" value="11%"/>
        </properties>
        <testcase name="cloneSelectedCampaignsTest" classname="cloneCampaignControllerTest" time="0.04">
            <failure message="System.AssertException: Assertion Failed: Expected: Nothing to Clone..., Actual: Successfully Cloned..."><![CDATA[Class.cloneCampaignControllerTest.cloneSelectedCampaignsTest: line 53, column 1]]></failure>
        </testcase>
        <testcase name="getCampaignsCountTest" classname="cloneCampaignControllerTest" time="0.58">
        </testcase>
        <testcase name="getCampaignsListTest" classname="cloneCampaignControllerTest" time="0.17">
            <failure message="System.AssertException: Assertion Failed: Expected: List: 10, Actual: List: 5"><![CDATA[Class.cloneCampaignControllerTest.getCampaignsListTest: line 28, column 1]]></failure>
        </testcase>
    </testsuite>
</testsuites>
